#! /usr/local/bin/vvp
:ivl_version "12.0 (devel)" "(s20150603-1148-gef01dd1e)";
:ivl_delay_selection "TYPICAL";
:vpi_time_precision + 0;
:vpi_module "/usr/local/lib/ivl/system.vpi";
:vpi_module "/usr/local/lib/ivl/vhdl_sys.vpi";
:vpi_module "/usr/local/lib/ivl/vhdl_textio.vpi";
:vpi_module "/usr/local/lib/ivl/v2005_math.vpi";
:vpi_module "/usr/local/lib/ivl/va_math.vpi";
S_0x55e5bee303e0 .scope module, "imageRead" "imageRead" 2 1;
 .timescale 0 0;
P_0x55e5bee35d30 .param/l "Height" 0 2 1, +C4<00000000000000000000000000000010>;
P_0x55e5bee35d70 .param/l "Width" 0 2 1, +C4<00000000000000000000000000001010>;
P_0x55e5bee35db0 .param/l "sizeOfLengthReal" 0 2 4, +C4<000000000000000000000000000000000000000000000000000000000000000000000000000000000000000000111100>;
P_0x55e5bee35df0 .param/l "sizeOfWidth" 0 2 3, +C4<00000000000000000000000000001000>;
v0x55e5bee626d0 .array/i "orgB", 19 0, 31 0;
v0x55e5bee627b0 .array/i "orgG", 19 0, 31 0;
v0x55e5bee62870 .array/i "orgR", 19 0, 31 0;
v0x55e5bee62940 .array/i "tempBMP", 59 0, 31 0;
v0x55e5bee63370 .array "totalMemory", 59 0, 7 0;
v0x55e5bee63370_0 .array/port v0x55e5bee63370, 0;
v0x55e5bee63370_1 .array/port v0x55e5bee63370, 1;
v0x55e5bee63370_2 .array/port v0x55e5bee63370, 2;
v0x55e5bee63370_3 .array/port v0x55e5bee63370, 3;
E_0x55e5bee45d80/0 .event anyedge, v0x55e5bee63370_0, v0x55e5bee63370_1, v0x55e5bee63370_2, v0x55e5bee63370_3;
v0x55e5bee63370_4 .array/port v0x55e5bee63370, 4;
v0x55e5bee63370_5 .array/port v0x55e5bee63370, 5;
v0x55e5bee63370_6 .array/port v0x55e5bee63370, 6;
v0x55e5bee63370_7 .array/port v0x55e5bee63370, 7;
E_0x55e5bee45d80/1 .event anyedge, v0x55e5bee63370_4, v0x55e5bee63370_5, v0x55e5bee63370_6, v0x55e5bee63370_7;
v0x55e5bee63370_8 .array/port v0x55e5bee63370, 8;
v0x55e5bee63370_9 .array/port v0x55e5bee63370, 9;
v0x55e5bee63370_10 .array/port v0x55e5bee63370, 10;
v0x55e5bee63370_11 .array/port v0x55e5bee63370, 11;
E_0x55e5bee45d80/2 .event anyedge, v0x55e5bee63370_8, v0x55e5bee63370_9, v0x55e5bee63370_10, v0x55e5bee63370_11;
v0x55e5bee63370_12 .array/port v0x55e5bee63370, 12;
v0x55e5bee63370_13 .array/port v0x55e5bee63370, 13;
v0x55e5bee63370_14 .array/port v0x55e5bee63370, 14;
v0x55e5bee63370_15 .array/port v0x55e5bee63370, 15;
E_0x55e5bee45d80/3 .event anyedge, v0x55e5bee63370_12, v0x55e5bee63370_13, v0x55e5bee63370_14, v0x55e5bee63370_15;
v0x55e5bee63370_16 .array/port v0x55e5bee63370, 16;
v0x55e5bee63370_17 .array/port v0x55e5bee63370, 17;
v0x55e5bee63370_18 .array/port v0x55e5bee63370, 18;
v0x55e5bee63370_19 .array/port v0x55e5bee63370, 19;
E_0x55e5bee45d80/4 .event anyedge, v0x55e5bee63370_16, v0x55e5bee63370_17, v0x55e5bee63370_18, v0x55e5bee63370_19;
v0x55e5bee63370_20 .array/port v0x55e5bee63370, 20;
v0x55e5bee63370_21 .array/port v0x55e5bee63370, 21;
v0x55e5bee63370_22 .array/port v0x55e5bee63370, 22;
v0x55e5bee63370_23 .array/port v0x55e5bee63370, 23;
E_0x55e5bee45d80/5 .event anyedge, v0x55e5bee63370_20, v0x55e5bee63370_21, v0x55e5bee63370_22, v0x55e5bee63370_23;
v0x55e5bee63370_24 .array/port v0x55e5bee63370, 24;
v0x55e5bee63370_25 .array/port v0x55e5bee63370, 25;
v0x55e5bee63370_26 .array/port v0x55e5bee63370, 26;
v0x55e5bee63370_27 .array/port v0x55e5bee63370, 27;
E_0x55e5bee45d80/6 .event anyedge, v0x55e5bee63370_24, v0x55e5bee63370_25, v0x55e5bee63370_26, v0x55e5bee63370_27;
v0x55e5bee63370_28 .array/port v0x55e5bee63370, 28;
v0x55e5bee63370_29 .array/port v0x55e5bee63370, 29;
v0x55e5bee63370_30 .array/port v0x55e5bee63370, 30;
v0x55e5bee63370_31 .array/port v0x55e5bee63370, 31;
E_0x55e5bee45d80/7 .event anyedge, v0x55e5bee63370_28, v0x55e5bee63370_29, v0x55e5bee63370_30, v0x55e5bee63370_31;
v0x55e5bee63370_32 .array/port v0x55e5bee63370, 32;
v0x55e5bee63370_33 .array/port v0x55e5bee63370, 33;
v0x55e5bee63370_34 .array/port v0x55e5bee63370, 34;
v0x55e5bee63370_35 .array/port v0x55e5bee63370, 35;
E_0x55e5bee45d80/8 .event anyedge, v0x55e5bee63370_32, v0x55e5bee63370_33, v0x55e5bee63370_34, v0x55e5bee63370_35;
v0x55e5bee63370_36 .array/port v0x55e5bee63370, 36;
v0x55e5bee63370_37 .array/port v0x55e5bee63370, 37;
v0x55e5bee63370_38 .array/port v0x55e5bee63370, 38;
v0x55e5bee63370_39 .array/port v0x55e5bee63370, 39;
E_0x55e5bee45d80/9 .event anyedge, v0x55e5bee63370_36, v0x55e5bee63370_37, v0x55e5bee63370_38, v0x55e5bee63370_39;
v0x55e5bee63370_40 .array/port v0x55e5bee63370, 40;
v0x55e5bee63370_41 .array/port v0x55e5bee63370, 41;
v0x55e5bee63370_42 .array/port v0x55e5bee63370, 42;
v0x55e5bee63370_43 .array/port v0x55e5bee63370, 43;
E_0x55e5bee45d80/10 .event anyedge, v0x55e5bee63370_40, v0x55e5bee63370_41, v0x55e5bee63370_42, v0x55e5bee63370_43;
v0x55e5bee63370_44 .array/port v0x55e5bee63370, 44;
v0x55e5bee63370_45 .array/port v0x55e5bee63370, 45;
v0x55e5bee63370_46 .array/port v0x55e5bee63370, 46;
v0x55e5bee63370_47 .array/port v0x55e5bee63370, 47;
E_0x55e5bee45d80/11 .event anyedge, v0x55e5bee63370_44, v0x55e5bee63370_45, v0x55e5bee63370_46, v0x55e5bee63370_47;
v0x55e5bee63370_48 .array/port v0x55e5bee63370, 48;
v0x55e5bee63370_49 .array/port v0x55e5bee63370, 49;
v0x55e5bee63370_50 .array/port v0x55e5bee63370, 50;
v0x55e5bee63370_51 .array/port v0x55e5bee63370, 51;
E_0x55e5bee45d80/12 .event anyedge, v0x55e5bee63370_48, v0x55e5bee63370_49, v0x55e5bee63370_50, v0x55e5bee63370_51;
v0x55e5bee63370_52 .array/port v0x55e5bee63370, 52;
v0x55e5bee63370_53 .array/port v0x55e5bee63370, 53;
v0x55e5bee63370_54 .array/port v0x55e5bee63370, 54;
v0x55e5bee63370_55 .array/port v0x55e5bee63370, 55;
E_0x55e5bee45d80/13 .event anyedge, v0x55e5bee63370_52, v0x55e5bee63370_53, v0x55e5bee63370_54, v0x55e5bee63370_55;
v0x55e5bee63370_56 .array/port v0x55e5bee63370, 56;
v0x55e5bee63370_57 .array/port v0x55e5bee63370, 57;
v0x55e5bee63370_58 .array/port v0x55e5bee63370, 58;
v0x55e5bee63370_59 .array/port v0x55e5bee63370, 59;
E_0x55e5bee45d80/14 .event anyedge, v0x55e5bee63370_56, v0x55e5bee63370_57, v0x55e5bee63370_58, v0x55e5bee63370_59;
v0x55e5bee62940_0 .array/port v0x55e5bee62940, 0;
v0x55e5bee62940_1 .array/port v0x55e5bee62940, 1;
v0x55e5bee62940_2 .array/port v0x55e5bee62940, 2;
v0x55e5bee62940_3 .array/port v0x55e5bee62940, 3;
E_0x55e5bee45d80/15 .event anyedge, v0x55e5bee62940_0, v0x55e5bee62940_1, v0x55e5bee62940_2, v0x55e5bee62940_3;
v0x55e5bee62940_4 .array/port v0x55e5bee62940, 4;
v0x55e5bee62940_5 .array/port v0x55e5bee62940, 5;
v0x55e5bee62940_6 .array/port v0x55e5bee62940, 6;
v0x55e5bee62940_7 .array/port v0x55e5bee62940, 7;
E_0x55e5bee45d80/16 .event anyedge, v0x55e5bee62940_4, v0x55e5bee62940_5, v0x55e5bee62940_6, v0x55e5bee62940_7;
v0x55e5bee62940_8 .array/port v0x55e5bee62940, 8;
v0x55e5bee62940_9 .array/port v0x55e5bee62940, 9;
v0x55e5bee62940_10 .array/port v0x55e5bee62940, 10;
v0x55e5bee62940_11 .array/port v0x55e5bee62940, 11;
E_0x55e5bee45d80/17 .event anyedge, v0x55e5bee62940_8, v0x55e5bee62940_9, v0x55e5bee62940_10, v0x55e5bee62940_11;
v0x55e5bee62940_12 .array/port v0x55e5bee62940, 12;
v0x55e5bee62940_13 .array/port v0x55e5bee62940, 13;
v0x55e5bee62940_14 .array/port v0x55e5bee62940, 14;
v0x55e5bee62940_15 .array/port v0x55e5bee62940, 15;
E_0x55e5bee45d80/18 .event anyedge, v0x55e5bee62940_12, v0x55e5bee62940_13, v0x55e5bee62940_14, v0x55e5bee62940_15;
v0x55e5bee62940_16 .array/port v0x55e5bee62940, 16;
v0x55e5bee62940_17 .array/port v0x55e5bee62940, 17;
v0x55e5bee62940_18 .array/port v0x55e5bee62940, 18;
v0x55e5bee62940_19 .array/port v0x55e5bee62940, 19;
E_0x55e5bee45d80/19 .event anyedge, v0x55e5bee62940_16, v0x55e5bee62940_17, v0x55e5bee62940_18, v0x55e5bee62940_19;
v0x55e5bee62940_20 .array/port v0x55e5bee62940, 20;
v0x55e5bee62940_21 .array/port v0x55e5bee62940, 21;
v0x55e5bee62940_22 .array/port v0x55e5bee62940, 22;
v0x55e5bee62940_23 .array/port v0x55e5bee62940, 23;
E_0x55e5bee45d80/20 .event anyedge, v0x55e5bee62940_20, v0x55e5bee62940_21, v0x55e5bee62940_22, v0x55e5bee62940_23;
v0x55e5bee62940_24 .array/port v0x55e5bee62940, 24;
v0x55e5bee62940_25 .array/port v0x55e5bee62940, 25;
v0x55e5bee62940_26 .array/port v0x55e5bee62940, 26;
v0x55e5bee62940_27 .array/port v0x55e5bee62940, 27;
E_0x55e5bee45d80/21 .event anyedge, v0x55e5bee62940_24, v0x55e5bee62940_25, v0x55e5bee62940_26, v0x55e5bee62940_27;
v0x55e5bee62940_28 .array/port v0x55e5bee62940, 28;
v0x55e5bee62940_29 .array/port v0x55e5bee62940, 29;
v0x55e5bee62940_30 .array/port v0x55e5bee62940, 30;
v0x55e5bee62940_31 .array/port v0x55e5bee62940, 31;
E_0x55e5bee45d80/22 .event anyedge, v0x55e5bee62940_28, v0x55e5bee62940_29, v0x55e5bee62940_30, v0x55e5bee62940_31;
v0x55e5bee62940_32 .array/port v0x55e5bee62940, 32;
v0x55e5bee62940_33 .array/port v0x55e5bee62940, 33;
v0x55e5bee62940_34 .array/port v0x55e5bee62940, 34;
v0x55e5bee62940_35 .array/port v0x55e5bee62940, 35;
E_0x55e5bee45d80/23 .event anyedge, v0x55e5bee62940_32, v0x55e5bee62940_33, v0x55e5bee62940_34, v0x55e5bee62940_35;
v0x55e5bee62940_36 .array/port v0x55e5bee62940, 36;
v0x55e5bee62940_37 .array/port v0x55e5bee62940, 37;
v0x55e5bee62940_38 .array/port v0x55e5bee62940, 38;
v0x55e5bee62940_39 .array/port v0x55e5bee62940, 39;
E_0x55e5bee45d80/24 .event anyedge, v0x55e5bee62940_36, v0x55e5bee62940_37, v0x55e5bee62940_38, v0x55e5bee62940_39;
v0x55e5bee62940_40 .array/port v0x55e5bee62940, 40;
v0x55e5bee62940_41 .array/port v0x55e5bee62940, 41;
v0x55e5bee62940_42 .array/port v0x55e5bee62940, 42;
v0x55e5bee62940_43 .array/port v0x55e5bee62940, 43;
E_0x55e5bee45d80/25 .event anyedge, v0x55e5bee62940_40, v0x55e5bee62940_41, v0x55e5bee62940_42, v0x55e5bee62940_43;
v0x55e5bee62940_44 .array/port v0x55e5bee62940, 44;
v0x55e5bee62940_45 .array/port v0x55e5bee62940, 45;
v0x55e5bee62940_46 .array/port v0x55e5bee62940, 46;
v0x55e5bee62940_47 .array/port v0x55e5bee62940, 47;
E_0x55e5bee45d80/26 .event anyedge, v0x55e5bee62940_44, v0x55e5bee62940_45, v0x55e5bee62940_46, v0x55e5bee62940_47;
v0x55e5bee62940_48 .array/port v0x55e5bee62940, 48;
v0x55e5bee62940_49 .array/port v0x55e5bee62940, 49;
v0x55e5bee62940_50 .array/port v0x55e5bee62940, 50;
v0x55e5bee62940_51 .array/port v0x55e5bee62940, 51;
E_0x55e5bee45d80/27 .event anyedge, v0x55e5bee62940_48, v0x55e5bee62940_49, v0x55e5bee62940_50, v0x55e5bee62940_51;
v0x55e5bee62940_52 .array/port v0x55e5bee62940, 52;
v0x55e5bee62940_53 .array/port v0x55e5bee62940, 53;
v0x55e5bee62940_54 .array/port v0x55e5bee62940, 54;
v0x55e5bee62940_55 .array/port v0x55e5bee62940, 55;
E_0x55e5bee45d80/28 .event anyedge, v0x55e5bee62940_52, v0x55e5bee62940_53, v0x55e5bee62940_54, v0x55e5bee62940_55;
v0x55e5bee62940_56 .array/port v0x55e5bee62940, 56;
v0x55e5bee62940_57 .array/port v0x55e5bee62940, 57;
v0x55e5bee62940_58 .array/port v0x55e5bee62940, 58;
v0x55e5bee62940_59 .array/port v0x55e5bee62940, 59;
E_0x55e5bee45d80/29 .event anyedge, v0x55e5bee62940_56, v0x55e5bee62940_57, v0x55e5bee62940_58, v0x55e5bee62940_59;
E_0x55e5bee45d80 .event/or E_0x55e5bee45d80/0, E_0x55e5bee45d80/1, E_0x55e5bee45d80/2, E_0x55e5bee45d80/3, E_0x55e5bee45d80/4, E_0x55e5bee45d80/5, E_0x55e5bee45d80/6, E_0x55e5bee45d80/7, E_0x55e5bee45d80/8, E_0x55e5bee45d80/9, E_0x55e5bee45d80/10, E_0x55e5bee45d80/11, E_0x55e5bee45d80/12, E_0x55e5bee45d80/13, E_0x55e5bee45d80/14, E_0x55e5bee45d80/15, E_0x55e5bee45d80/16, E_0x55e5bee45d80/17, E_0x55e5bee45d80/18, E_0x55e5bee45d80/19, E_0x55e5bee45d80/20, E_0x55e5bee45d80/21, E_0x55e5bee45d80/22, E_0x55e5bee45d80/23, E_0x55e5bee45d80/24, E_0x55e5bee45d80/25, E_0x55e5bee45d80/26, E_0x55e5bee45d80/27, E_0x55e5bee45d80/28, E_0x55e5bee45d80/29;
S_0x55e5bee2faf0 .scope begin, "test" "test" 2 13, 2 13 0, S_0x55e5bee303e0;
 .timescale 0 0;
v0x55e5bee0d2b0_0 .var/i "i", 31 0;
v0x55e5bee625f0_0 .var/i "j", 31 0;
    .scope S_0x55e5bee303e0;
T_0 ;
    %vpi_call 2 11 "$readmemh", "path/to/bmp", v0x55e5bee63370, 32'sb00000000000000000000000000000000, 96'sb000000000000000000000000000000000000000000000000000000000000000000000000000000000000000000111011 {0 0 0};
    %end;
    .thread T_0;
    .scope S_0x55e5bee303e0;
T_1 ;
    %wait E_0x55e5bee45d80;
    %fork t_1, S_0x55e5bee2faf0;
    %jmp t_0;
    .scope S_0x55e5bee2faf0;
t_1 ;
    %pushi/vec4 0, 0, 32;
    %store/vec4 v0x55e5bee0d2b0_0, 0, 32;
T_1.0 ;
    %load/vec4 v0x55e5bee0d2b0_0;
    %cmpi/s 60, 0, 32;
    %jmp/0xz T_1.1, 5;
    %load/vec4 v0x55e5bee0d2b0_0;
    %addi 0, 0, 32;
    %ix/vec4/s 4;
    %load/vec4a v0x55e5bee63370, 4;
    %pad/u 32;
    %ix/getv/s 4, v0x55e5bee0d2b0_0;
    %store/vec4a v0x55e5bee62940, 4, 0;
    %load/vec4 v0x55e5bee0d2b0_0;
    %addi 1, 0, 32;
    %store/vec4 v0x55e5bee0d2b0_0, 0, 32;
    %jmp T_1.0;
T_1.1 ;
    %pushi/vec4 0, 0, 32;
    %store/vec4 v0x55e5bee0d2b0_0, 0, 32;
T_1.2 ;
    %load/vec4 v0x55e5bee0d2b0_0;
    %cmpi/s 2, 0, 32;
    %jmp/0xz T_1.3, 5;
    %pushi/vec4 0, 0, 32;
    %store/vec4 v0x55e5bee625f0_0, 0, 32;
T_1.4 ;
    %load/vec4 v0x55e5bee625f0_0;
    %cmpi/s 10, 0, 32;
    %jmp/0xz T_1.5, 5;
    %pushi/vec4 30, 0, 32;
    %pushi/vec4 2, 0, 32;
    %load/vec4 v0x55e5bee0d2b0_0;
    %sub;
    %subi 1, 0, 32;
    %mul;
    %load/vec4 v0x55e5bee625f0_0;
    %muli 3, 0, 32;
    %add;
    %addi 0, 0, 32;
    %ix/vec4/s 4;
    %load/vec4a v0x55e5bee62940, 4;
    %load/vec4 v0x55e5bee0d2b0_0;
    %muli 10, 0, 32;
    %load/vec4 v0x55e5bee625f0_0;
    %add;
    %ix/vec4/s 4;
    %store/vec4a v0x55e5bee62870, 4, 0;
    %pushi/vec4 30, 0, 32;
    %pushi/vec4 2, 0, 32;
    %load/vec4 v0x55e5bee0d2b0_0;
    %sub;
    %subi 1, 0, 32;
    %mul;
    %load/vec4 v0x55e5bee625f0_0;
    %muli 3, 0, 32;
    %add;
    %addi 1, 0, 32;
    %ix/vec4/s 4;
    %load/vec4a v0x55e5bee62940, 4;
    %load/vec4 v0x55e5bee0d2b0_0;
    %muli 10, 0, 32;
    %load/vec4 v0x55e5bee625f0_0;
    %add;
    %ix/vec4/s 4;
    %store/vec4a v0x55e5bee627b0, 4, 0;
    %pushi/vec4 30, 0, 32;
    %pushi/vec4 2, 0, 32;
    %load/vec4 v0x55e5bee0d2b0_0;
    %sub;
    %subi 1, 0, 32;
    %mul;
    %load/vec4 v0x55e5bee625f0_0;
    %muli 3, 0, 32;
    %add;
    %addi 2, 0, 32;
    %ix/vec4/s 4;
    %load/vec4a v0x55e5bee62940, 4;
    %load/vec4 v0x55e5bee0d2b0_0;
    %muli 10, 0, 32;
    %load/vec4 v0x55e5bee625f0_0;
    %add;
    %ix/vec4/s 4;
    %store/vec4a v0x55e5bee626d0, 4, 0;
    %load/vec4 v0x55e5bee625f0_0;
    %addi 1, 0, 32;
    %store/vec4 v0x55e5bee625f0_0, 0, 32;
    %jmp T_1.4;
T_1.5 ;
    %load/vec4 v0x55e5bee0d2b0_0;
    %addi 1, 0, 32;
    %store/vec4 v0x55e5bee0d2b0_0, 0, 32;
    %jmp T_1.2;
T_1.3 ;
    %end;
    .scope S_0x55e5bee303e0;
t_0 %join;
    %jmp T_1;
    .thread T_1, $push;
# The file index is used to find the file name in the following table.
:file_names 3;
    "N/A";
    "<interactive>";
    "input.v";
