#! /usr/local/bin/vvp
:ivl_version "12.0 (devel)" "(s20150603-1148-gef01dd1e)";
:ivl_delay_selection "TYPICAL";
:vpi_time_precision + 0;
:vpi_module "/usr/local/lib/ivl/system.vpi";
:vpi_module "/usr/local/lib/ivl/vhdl_sys.vpi";
:vpi_module "/usr/local/lib/ivl/vhdl_textio.vpi";
:vpi_module "/usr/local/lib/ivl/v2005_math.vpi";
:vpi_module "/usr/local/lib/ivl/va_math.vpi";
S_0x55ea81da1d90 .scope module, "Crop" "Crop" 2 1;
 .timescale 0 0;
v0x55ea81da2a70_0 .var/i "bottom", 31 0;
v0x55ea81da32b0_0 .var/i "f", 31 0;
v0x55ea81df2d20_0 .var/i "height", 31 0;
v0x55ea81df2de0_0 .var/i "i", 31 0;
v0x55ea81df2ec0 .array/i "inp_file", 9000000 0, 31 0;
v0x55ea81df2fd0_0 .var/i "j", 31 0;
v0x55ea81df30b0_0 .var/i "k", 31 0;
v0x55ea81df3190_0 .var/i "left", 31 0;
v0x55ea81df3270_0 .var/i "right", 31 0;
v0x55ea81df3350 .array/i "size", 5 0, 31 0;
v0x55ea81df3410_0 .var/i "top", 31 0;
v0x55ea81df34f0_0 .var/i "width", 31 0;
S_0x55ea81da1f20 .scope begin, "t" "t" 2 18, 2 18 0, S_0x55ea81da1d90;
 .timescale 0 0;
    .scope S_0x55ea81da1d90;
T_0 ;
    %pushi/vec4 0, 0, 32;
    %store/vec4 v0x55ea81df30b0_0, 0, 32;
    %end;
    .thread T_0;
    .scope S_0x55ea81da1d90;
T_1 ;
    %vpi_call 2 6 "$readmemh", "./data/size.hex", v0x55ea81df3350 {0 0 0};
    %ix/load 4, 0, 0;
    %flag_set/imm 4, 0;
    %load/vec4a v0x55ea81df3350, 4;
    %store/vec4 v0x55ea81df2d20_0, 0, 32;
    %ix/load 4, 1, 0;
    %flag_set/imm 4, 0;
    %load/vec4a v0x55ea81df3350, 4;
    %store/vec4 v0x55ea81df34f0_0, 0, 32;
    %ix/load 4, 2, 0;
    %flag_set/imm 4, 0;
    %load/vec4a v0x55ea81df3350, 4;
    %store/vec4 v0x55ea81df3410_0, 0, 32;
    %ix/load 4, 3, 0;
    %flag_set/imm 4, 0;
    %load/vec4a v0x55ea81df3350, 4;
    %store/vec4 v0x55ea81da2a70_0, 0, 32;
    %ix/load 4, 4, 0;
    %flag_set/imm 4, 0;
    %load/vec4a v0x55ea81df3350, 4;
    %store/vec4 v0x55ea81df3190_0, 0, 32;
    %ix/load 4, 5, 0;
    %flag_set/imm 4, 0;
    %load/vec4a v0x55ea81df3350, 4;
    %store/vec4 v0x55ea81df3270_0, 0, 32;
    %end;
    .thread T_1;
    .scope S_0x55ea81da1d90;
T_2 ;
    %vpi_call 2 16 "$readmemh", "./data/temp.hex", v0x55ea81df2ec0 {0 0 0};
    %end;
    .thread T_2;
    .scope S_0x55ea81da1d90;
T_3 ;
    %fork t_1, S_0x55ea81da1f20;
    %jmp t_0;
    .scope S_0x55ea81da1f20;
t_1 ;
    %pushi/vec4 0, 0, 32;
    %store/vec4 v0x55ea81df30b0_0, 0, 32;
    %vpi_func 2 20 "$fopen" 32, "./data/output.hex", "wb" {0 0 0};
    %store/vec4 v0x55ea81da32b0_0, 0, 32;
    %pushi/vec4 0, 0, 32;
    %store/vec4 v0x55ea81df2de0_0, 0, 32;
T_3.0 ;
    %load/vec4 v0x55ea81df2de0_0;
    %load/vec4 v0x55ea81df2d20_0;
    %cmp/s;
    %jmp/0xz T_3.1, 5;
    %pushi/vec4 0, 0, 32;
    %store/vec4 v0x55ea81df2fd0_0, 0, 32;
T_3.2 ;
    %load/vec4 v0x55ea81df2fd0_0;
    %load/vec4 v0x55ea81df34f0_0;
    %cmp/s;
    %jmp/0xz T_3.3, 5;
    %load/vec4 v0x55ea81da2a70_0;
    %load/vec4 v0x55ea81df2de0_0;
    %cmp/s;
    %flag_get/vec4 4;
    %flag_get/vec4 5;
    %or;
    %load/vec4 v0x55ea81df2de0_0;
    %load/vec4 v0x55ea81df2d20_0;
    %load/vec4 v0x55ea81df3410_0;
    %sub;
    %cmp/s;
    %flag_get/vec4 4;
    %flag_get/vec4 5;
    %or;
    %and;
    %load/vec4 v0x55ea81df2fd0_0;
    %load/vec4 v0x55ea81df2d20_0;
    %load/vec4 v0x55ea81df3270_0;
    %sub;
    %cmp/s;
    %flag_get/vec4 4;
    %flag_get/vec4 5;
    %or;
    %and;
    %load/vec4 v0x55ea81df3190_0;
    %load/vec4 v0x55ea81df2fd0_0;
    %cmp/s;
    %flag_get/vec4 4;
    %flag_get/vec4 5;
    %or;
    %and;
    %flag_set/vec4 8;
    %jmp/0xz  T_3.4, 8;
    %vpi_call 2 25 "$fwrite", v0x55ea81da32b0_0, "%2x\012", &A<v0x55ea81df2ec0, v0x55ea81df30b0_0 > {0 0 0};
    %load/vec4 v0x55ea81df30b0_0;
    %addi 1, 0, 32;
    %ix/vec4/s 4;
    %load/vec4a v0x55ea81df2ec0, 4;
    %vpi_call 2 26 "$fwrite", v0x55ea81da32b0_0, "%2x\012", S<0,vec4,s32> {1 0 0};
    %load/vec4 v0x55ea81df30b0_0;
    %addi 2, 0, 32;
    %ix/vec4/s 4;
    %load/vec4a v0x55ea81df2ec0, 4;
    %vpi_call 2 27 "$fwrite", v0x55ea81da32b0_0, "%2x\012", S<0,vec4,s32> {1 0 0};
T_3.4 ;
    %load/vec4 v0x55ea81df30b0_0;
    %addi 3, 0, 32;
    %store/vec4 v0x55ea81df30b0_0, 0, 32;
    %load/vec4 v0x55ea81df2fd0_0;
    %addi 1, 0, 32;
    %store/vec4 v0x55ea81df2fd0_0, 0, 32;
    %jmp T_3.2;
T_3.3 ;
    %load/vec4 v0x55ea81df2de0_0;
    %addi 1, 0, 32;
    %store/vec4 v0x55ea81df2de0_0, 0, 32;
    %jmp T_3.0;
T_3.1 ;
    %vpi_call 2 32 "$fclose", v0x55ea81da32b0_0 {0 0 0};
    %end;
    .scope S_0x55ea81da1d90;
t_0 %join;
    %end;
    .thread T_3;
# The file index is used to find the file name in the following table.
:file_names 3;
    "N/A";
    "<interactive>";
    "crop.v";
